Using pre-set license
Built from '2020.2/release' branch; Version is '2020.2.1f1 (270dd8c3da1c) revision 2559448'; Using compiler version '192528614'; Build Type 'Release'
OS: 'Windows 10  (10.0.0) 64bit' Language: 'en' Physical Memory: 32710 MB
BatchMode: 1, IsHumanControllingUs: 0, StartBugReporterOnCrash: 0, Is64bit: 1, IsPro: 0

 COMMAND LINE ARGUMENTS:
C:\Program Files\Unity\Hub\Editor\2020.2.1f1\Editor\Unity.exe
-adb2
-batchMode
-noUpm
-name
AssetImportWorker0
-projectPath
C:/Repos/UnityStandaloneFileBrowser
-logFile
Logs/AssetImportWorker0.log
-srvPort
61286
Successfully changed project path to: C:/Repos/UnityStandaloneFileBrowser
C:/Repos/UnityStandaloneFileBrowser
Using Asset Import Pipeline V2.
Refreshing native plugins compatible for Editor in 19.59 ms, found 0 plugins.
Preloading 0 native plugins for Editor in 0.00 ms.
Initialize engine version: 2020.2.1f1 (270dd8c3da1c)
[Subsystems] Discovering subsystems at path C:/Program Files/Unity/Hub/Editor/2020.2.1f1/Editor/Data/Resources/UnitySubsystems
[Subsystems] Discovering subsystems at path C:/Repos/UnityStandaloneFileBrowser/Assets
GfxDevice: creating device client; threaded=0
Direct3D:
    Version:  Direct3D 11.0 [level 11.1]
    Renderer: NVIDIA GeForce GTX 1080 (ID=0x1b80)
    Vendor:   
    VRAM:     8079 MB
    Driver:   27.21.14.5671
Initialize mono
Mono path[0] = 'C:/Program Files/Unity/Hub/Editor/2020.2.1f1/Editor/Data/Managed'
Mono path[1] = 'C:/Program Files/Unity/Hub/Editor/2020.2.1f1/Editor/Data/MonoBleedingEdge/lib/mono/unityjit'
Mono config path = 'C:/Program Files/Unity/Hub/Editor/2020.2.1f1/Editor/Data/MonoBleedingEdge/etc'
Using monoOptions --debugger-agent=transport=dt_socket,embedding=1,server=y,suspend=n,address=127.0.0.1:56464
Begin MonoManager ReloadAssembly
Registering precompiled unity dll's ...
Register platform support module: C:/Program Files/Unity/Hub/Editor/2020.2.1f1/Editor/Data/PlaybackEngines/MacStandaloneSupport/UnityEditor.OSXStandalone.Extensions.dll
Register platform support module: C:/Program Files/Unity/Hub/Editor/2020.2.1f1/Editor/Data/PlaybackEngines/WindowsStandaloneSupport/UnityEditor.WindowsStandalone.Extensions.dll
Register platform support module: C:/Program Files/Unity/Hub/Editor/2020.2.1f1/Editor/Data/PlaybackEngines/LinuxStandaloneSupport/UnityEditor.LinuxStandalone.Extensions.dll
Registered in 0.001983 seconds.
Native extension for LinuxStandalone target not found
Native extension for WindowsStandalone target not found
Native extension for OSXStandalone target not found
Refreshing native plugins compatible for Editor in 23.76 ms, found 0 plugins.
Preloading 0 native plugins for Editor in 0.00 ms.
Invoked RoslynAnalysisRunner static constructor.
RoslynAnalysisRunner will not be running.
RoslynAnalysisRunner has terminated.
Mono: successfully reloaded assembly
- Completed reload, in  0.951 seconds
Platform modules already initialized, skipping
Registering precompiled user dll's ...
Registered in 0.001064 seconds.
Begin MonoManager ReloadAssembly
Native extension for LinuxStandalone target not found
Native extension for WindowsStandalone target not found
Native extension for OSXStandalone target not found
Refreshing native plugins compatible for Editor in 0.21 ms, found 0 plugins.
Preloading 0 native plugins for Editor in 0.00 ms.
Invoked RoslynAnalysisRunner static constructor.
RoslynAnalysisRunner will not be running.
RoslynAnalysisRunner has terminated.
Mono: successfully reloaded assembly
- Completed reload, in  0.726 seconds
Platform modules already initialized, skipping
========================================================================
Worker process is ready to serve import requests
Launched and connected shader compiler UnityShaderCompiler.exe after 0.02 seconds
Refreshing native plugins compatible for Editor in 0.20 ms, found 0 plugins.
Preloading 0 native plugins for Editor in 0.00 ms.
Unloading 1072 Unused Serialized files (Serialized files now loaded: 0)
System memory in use before: 53.8 MB.
System memory in use after: 53.9 MB.

Unloading 18 unused Assets to reduce memory usage. Loaded Objects now: 1509.
Total: 1.488200 ms (FindLiveObjects: 0.114700 ms CreateObjectMapping: 0.030900 ms MarkObjects: 1.305600 ms  DeleteObjects: 0.036400 ms)

========================================================================
Received Import Request.
  path: Assets/StandaloneFileBrowser/Plugins/Ookii.Dialogs.dll
  artifactKey: Guid(e60958662eed5413d86143a0a69b731e) Importer(815301076,1909f56bfc062723c751e8b465ee728b)
Start importing Assets/StandaloneFileBrowser/Plugins/Ookii.Dialogs.dll using Guid(e60958662eed5413d86143a0a69b731e) Importer(815301076,1909f56bfc062723c751e8b465ee728b)  -> (artifact id: '0fd2e7503c711b8c18612592e90f7535') in 0.020233 seconds
  Import took 0.021789 seconds .

========================================================================
Received Import Request.
  Time since last request: 4.375717 seconds.
  path: Assets/StandaloneFileBrowser/Plugins/System.Windows.Forms.dll
  artifactKey: Guid(7d459a96865cc4aaab657012c6dc4833) Importer(815301076,1909f56bfc062723c751e8b465ee728b)
Start importing Assets/StandaloneFileBrowser/Plugins/System.Windows.Forms.dll using Guid(7d459a96865cc4aaab657012c6dc4833) Importer(815301076,1909f56bfc062723c751e8b465ee728b)  -> (artifact id: '93d8d41b5d018b0489c6dfcc44f68d0c') in 0.005581 seconds
  Import took 0.007125 seconds .

========================================================================
Received Import Request.
  Time since last request: 19.425302 seconds.
  path: Assets/StandaloneFileBrowser/StandaloneFileBrowserWindows.cs
  artifactKey: Guid(194e247414a78461d83ae606c1b96917) Importer(815301076,1909f56bfc062723c751e8b465ee728b)
Start importing Assets/StandaloneFileBrowser/StandaloneFileBrowserWindows.cs using Guid(194e247414a78461d83ae606c1b96917) Importer(815301076,1909f56bfc062723c751e8b465ee728b)  -> (artifact id: '62e0b6c89cdd45713f9d556ef6a4d045') in 0.007297 seconds
  Import took 0.008790 seconds .

========================================================================
Received Import Request.
  Time since last request: 0.025294 seconds.
  path: Assets/StandaloneFileBrowser/StandaloneFileBrowserWindows.cs
  artifactKey: Guid(194e247414a78461d83ae606c1b96917) Importer(815301076,1909f56bfc062723c751e8b465ee728b)
Start importing Assets/StandaloneFileBrowser/StandaloneFileBrowserWindows.cs using Guid(194e247414a78461d83ae606c1b96917) Importer(815301076,1909f56bfc062723c751e8b465ee728b)  -> (artifact id: '62e0b6c89cdd45713f9d556ef6a4d045') in 0.002486 seconds
  Import took 0.004495 seconds .

========================================================================
Received Import Request.
  Time since last request: 16.384131 seconds.
  path: Assets/StandaloneFileBrowser/StandaloneFileBrowserWindows.cs
  artifactKey: Guid(194e247414a78461d83ae606c1b96917) Importer(815301076,1909f56bfc062723c751e8b465ee728b)
Start importing Assets/StandaloneFileBrowser/StandaloneFileBrowserWindows.cs using Guid(194e247414a78461d83ae606c1b96917) Importer(815301076,1909f56bfc062723c751e8b465ee728b)  -> (artifact id: '028e22e9c7bf45ac3a2b84234e0b4c83') in 0.002598 seconds
  Import took 0.004029 seconds .

========================================================================
Received Prepare
Registering precompiled user dll's ...
Registered in 0.000443 seconds.
Begin MonoManager ReloadAssembly
Native extension for LinuxStandalone target not found
Native extension for WindowsStandalone target not found
Native extension for OSXStandalone target not found
Refreshing native plugins compatible for Editor in 0.21 ms, found 0 plugins.
Preloading 0 native plugins for Editor in 0.00 ms.
Invoked RoslynAnalysisRunner static constructor.
RoslynAnalysisRunner will not be running.
RoslynAnalysisRunner has terminated.
Mono: successfully reloaded assembly
- Completed reload, in  0.996 seconds
Platform modules already initialized, skipping
Refreshing native plugins compatible for Editor in 0.21 ms, found 0 plugins.
Preloading 0 native plugins for Editor in 0.00 ms.
Unloading 1066 Unused Serialized files (Serialized files now loaded: 0)
System memory in use before: 53.7 MB.
System memory in use after: 53.8 MB.

Unloading 7 unused Assets to reduce memory usage. Loaded Objects now: 1512.
Total: 1.539800 ms (FindLiveObjects: 0.133300 ms CreateObjectMapping: 0.050200 ms MarkObjects: 1.339300 ms  DeleteObjects: 0.015300 ms)

========================================================================
Received Prepare
Registering precompiled user dll's ...
Registered in 0.000639 seconds.
Begin MonoManager ReloadAssembly
Native extension for LinuxStandalone target not found
Native extension for WindowsStandalone target not found
Native extension for OSXStandalone target not found
Refreshing native plugins compatible for Editor in 0.20 ms, found 0 plugins.
Preloading 0 native plugins for Editor in 0.00 ms.
Invoked RoslynAnalysisRunner static constructor.
RoslynAnalysisRunner will not be running.
RoslynAnalysisRunner has terminated.
Mono: successfully reloaded assembly
- Completed reload, in  0.656 seconds
Platform modules already initialized, skipping
Refreshing native plugins compatible for Editor in 0.18 ms, found 0 plugins.
Preloading 0 native plugins for Editor in 0.00 ms.
Unloading 1066 Unused Serialized files (Serialized files now loaded: 0)
System memory in use before: 53.8 MB.
System memory in use after: 53.9 MB.

Unloading 7 unused Assets to reduce memory usage. Loaded Objects now: 1514.
Total: 1.421400 ms (FindLiveObjects: 0.139000 ms CreateObjectMapping: 0.027400 ms MarkObjects: 1.243100 ms  DeleteObjects: 0.011100 ms)

